<?xml version="1.0" encoding="UTF-8"?>
<testng-results skipped="0" failed="0" ignored="0" total="2" passed="2">
  <reporter-output>
  </reporter-output>
  <suite name="AmazonRegressionSuite" duration-ms="44428" started-at="2017-08-16T13:31:17Z" finished-at="2017-08-16T13:32:01Z">
    <groups>
    </groups>
    <test name="Test" duration-ms="44428" started-at="2017-08-16T13:31:17Z" finished-at="2017-08-16T13:32:01Z">
      <class name="com.amazon.tests.AmazonSearchTest">
        <test-method status="PASS" signature="beforeTest()[pri:0, instance:com.amazon.tests.AmazonSearchTest@42e26948]" name="beforeTest" is-config="true" duration-ms="18743" started-at="2017-08-16T19:01:17Z" finished-at="2017-08-16T19:01:35Z">
          <reporter-output>
          </reporter-output>
        </test-method> <!-- beforeTest -->
        <test-method status="PASS" signature="beforeClass()[pri:0, instance:com.amazon.tests.AmazonSearchTest@42e26948]" name="beforeClass" is-config="true" duration-ms="0" started-at="2017-08-16T19:01:35Z" finished-at="2017-08-16T19:01:35Z">
          <reporter-output>
          </reporter-output>
        </test-method> <!-- beforeClass -->
        <test-method status="PASS" signature="searchTest(java.lang.String, java.lang.String, java.lang.String)[pri:0, instance:com.amazon.tests.AmazonSearchTest@42e26948]" name="searchTest" duration-ms="8585" started-at="2017-08-16T19:01:37Z" data-provider="testData" finished-at="2017-08-16T19:01:45Z">
          <params>
            <param index="0">
              <value>
                <![CDATA[AmazonSearchTest]]>
              </value>
            </param>
            <param index="1">
              <value>
                <![CDATA[Y]]>
              </value>
            </param>
            <param index="2">
              <value>
                <![CDATA[mobiles]]>
              </value>
            </param>
          </params>
          <reporter-output>
          </reporter-output>
        </test-method> <!-- searchTest -->
        <test-method status="PASS" signature="searchTest(java.lang.String, java.lang.String, java.lang.String)[pri:0, instance:com.amazon.tests.AmazonSearchTest@42e26948]" name="searchTest" duration-ms="2499" started-at="2017-08-16T19:01:45Z" data-provider="testData" finished-at="2017-08-16T19:01:48Z">
          <params>
            <param index="0">
              <value>
                <![CDATA[AmazonSearchTest]]>
              </value>
            </param>
            <param index="1">
              <value>
                <![CDATA[Y]]>
              </value>
            </param>
            <param index="2">
              <value>
                <![CDATA[laptops]]>
              </value>
            </param>
          </params>
          <reporter-output>
          </reporter-output>
        </test-method> <!-- searchTest -->
        <test-method status="PASS" signature="afterTest()[pri:0, instance:com.amazon.tests.AmazonSearchTest@42e26948]" name="afterTest" is-config="true" duration-ms="13318" started-at="2017-08-16T19:01:48Z" finished-at="2017-08-16T19:02:01Z">
          <reporter-output>
          </reporter-output>
        </test-method> <!-- afterTest -->
      </class> <!-- com.amazon.tests.AmazonSearchTest -->
    </test> <!-- Test -->
  </suite> <!-- AmazonRegressionSuite -->
</testng-results>
